<?xml version="1.0" encoding="UTF-8"?>
<testsuite xmlns:xsi="http://www.w3.org/2001/XMLSchema-instance" xsi:noNamespaceSchemaLocation="https://maven.apache.org/surefire/maven-surefire-plugin/xsd/surefire-test-report-3.0.xsd" version="3.0" name="conduitApp.ConduitTest" time="6.236" tests="1" errors="0" skipped="0" failures="0">
  <properties>
[...]
</properties>
  <testcase name="testParallel" classname="conduitApp.ConduitTest" time="6.211">
    <system-out><![CDATA[01:10:11.135 [main] INFO  com.intuit.karate.Runner - using system property 'karate.options': --tags @debug
01:10:12.337 [main] DEBUG com.intuit.karate.Suite - [config] classpath:karate-config.js
01:10:12.346 [main] INFO  com.intuit.karate.Suite - backed up existing 'target\karate-reports' dir to: target\karate-reports_1763266212338
01:10:12.350 [main] DEBUG com.intuit.karate.Suite - waiting for 3 features to complete
01:10:13.813 [pool-2-thread-3] INFO  com.intuit.karate - karate.env system property was: null 
01:10:13.813 [pool-2-thread-1] INFO  com.intuit.karate - karate.env system property was: null 
01:10:13.812 [pool-2-thread-4] INFO  com.intuit.karate - karate.env system property was: null 
01:10:13.813 [pool-2-thread-2] INFO  com.intuit.karate - karate.env system property was: null 
01:10:13.822 [pool-2-thread-3] INFO  com.intuit.karate - >> lock acquired, begin callSingle: classpath:helpers/CreateToken.feature
01:10:14.344 [pool-2-thread-3] DEBUG com.intuit.karate - request:
1 > POST https://conduit-api.bondaracademy.com/api/users/login
1 > Content-Type: application/json; charset=UTF-8
1 > Content-Length: 64
1 > Host: conduit-api.bondaracademy.com
1 > Connection: Keep-Alive
1 > User-Agent: Apache-HttpClient/4.5.14 (Java/21.0.9)
1 > Accept-Encoding: gzip,deflate
{"user":{"email":"karatezada@gmail.com","password":"karate123"}}

01:10:15.096 [pool-2-thread-3] DEBUG com.intuit.karate - response time in milliseconds: 749
1 < 200
1 < x-powered-by: Express
1 < vary: Origin
1 < content-type: application/json; charset=utf-8
1 < etag: W/"13d-feeFF/7ArMXpsqW6VPzM8rFEWrU"
1 < x-cloud-trace-context: e26e367f12507d4a699140adf2b6f200;o=1
1 < date: Sun, 16 Nov 2025 04:10:15 GMT
1 < server: Google Frontend
1 < Content-Length: 317
{"user":{"email":"karatezada@gmail.com","username":"Karate112025","bio":null,"image":"https://conduit-api.bondaracademy.com/images/smiley-cyrus.jpeg","token":"eyJhbGciOiJIUzI1NiIsInR5cCI6IkpXVCJ9.eyJ1c2VyIjp7ImlkIjozODY1N30sImlhdCI6MTc2MzI2NjIxNSwiZXhwIjoxNzY4NDUwMjE1fQ.6oclcoZjEXBoW7YgW-VJ2eJeUq2rVEyJfYftL0_WzHA"}}

01:10:15.107 [pool-2-thread-3] INFO  com.intuit.karate - << lock released, cached callSingle: classpath:helpers/CreateToken.feature
01:10:15.107 [pool-2-thread-1] WARN  com.intuit.karate - this thread waited 1285 milliseconds for callSingle lock: classpath:helpers/CreateToken.feature
01:10:15.108 [pool-2-thread-4] WARN  com.intuit.karate - this thread waited 1286 milliseconds for callSingle lock: classpath:helpers/CreateToken.feature
01:10:15.108 [pool-2-thread-2] WARN  com.intuit.karate - this thread waited 1286 milliseconds for callSingle lock: classpath:helpers/CreateToken.feature
01:10:15.419 [pool-2-thread-2] DEBUG com.intuit.karate - request:
1 > POST https://conduit-api.bondaracademy.com/api/users
1 > Authorization: Token eyJhbGciOiJIUzI1NiIsInR5cCI6IkpXVCJ9.eyJ1c2VyIjp7ImlkIjozODY1N30sImlhdCI6MTc2MzI2NjIxNSwiZXhwIjoxNzY4NDUwMjE1fQ.6oclcoZjEXBoW7YgW-VJ2eJeUq2rVEyJfYftL0_WzHA
1 > Content-Type: application/json; charset=UTF-8
1 > Content-Length: 86
1 > Host: conduit-api.bondaracademy.com
1 > Connection: Keep-Alive
1 > User-Agent: Apache-HttpClient/4.5.14 (Java/21.0.9)
1 > Accept-Encoding: gzip,deflate
{"user":{"email":"wendell53@test.com","password":"Karate123","username":"NovoKarate"}}

01:10:15.427 [pool-2-thread-3] DEBUG com.intuit.karate - request:
1 > POST https://conduit-api.bondaracademy.com/api/users
1 > Authorization: Token eyJhbGciOiJIUzI1NiIsInR5cCI6IkpXVCJ9.eyJ1c2VyIjp7ImlkIjozODY1N30sImlhdCI6MTc2MzI2NjIxNSwiZXhwIjoxNzY4NDUwMjE1fQ.6oclcoZjEXBoW7YgW-VJ2eJeUq2rVEyJfYftL0_WzHA
1 > Content-Type: application/json; charset=UTF-8
1 > Content-Length: 92
1 > Host: conduit-api.bondaracademy.com
1 > Connection: Keep-Alive
1 > User-Agent: Apache-HttpClient/4.5.14 (Java/21.0.9)
1 > Accept-Encoding: gzip,deflate
{"user":{"email":"karatezada@gmail.com","password":"Karate123","username":"virgil.douglas"}}

01:10:15.430 [pool-2-thread-1] DEBUG com.intuit.karate - request:
1 > POST https://conduit-api.bondaracademy.com/api/users
1 > Authorization: Token eyJhbGciOiJIUzI1NiIsInR5cCI6IkpXVCJ9.eyJ1c2VyIjp7ImlkIjozODY1N30sImlhdCI6MTc2MzI2NjIxNSwiZXhwIjoxNzY4NDUwMjE1fQ.6oclcoZjEXBoW7YgW-VJ2eJeUq2rVEyJfYftL0_WzHA
1 > Content-Type: application/json; charset=UTF-8
1 > Content-Length: 90
1 > Host: conduit-api.bondaracademy.com
1 > Connection: Keep-Alive
1 > User-Agent: Apache-HttpClient/4.5.14 (Java/21.0.9)
1 > Accept-Encoding: gzip,deflate
{"user":{"email":"santos29@test.com","password":"karate321","username":"marcelene.ferry"}}

01:10:15.444 [pool-2-thread-4] DEBUG com.intuit.karate - request:
1 > POST https://conduit-api.bondaracademy.com/api/users
1 > Authorization: Token eyJhbGciOiJIUzI1NiIsInR5cCI6IkpXVCJ9.eyJ1c2VyIjp7ImlkIjozODY1N30sImlhdCI6MTc2MzI2NjIxNSwiZXhwIjoxNzY4NDUwMjE1fQ.6oclcoZjEXBoW7YgW-VJ2eJeUq2rVEyJfYftL0_WzHA
1 > Content-Type: application/json; charset=UTF-8
1 > Content-Length: 80
1 > Host: conduit-api.bondaracademy.com
1 > Connection: Keep-Alive
1 > User-Agent: Apache-HttpClient/4.5.14 (Java/21.0.9)
1 > Accept-Encoding: gzip,deflate
{"user":{"email":"karatezada@gmail.com","password":"","username":"wayne.boyer"}}

01:10:15.844 [pool-2-thread-2] DEBUG com.intuit.karate - response time in milliseconds: 424
1 < 422
1 < x-powered-by: Express
1 < vary: Origin
1 < content-type: application/json; charset=utf-8
1 < etag: W/"32-JsHJTKwNHW5NSVjFTl5ds7a++54"
1 < x-cloud-trace-context: 48a03c529d4d5bd6dff0e698d80ef468
1 < date: Sun, 16 Nov 2025 04:10:16 GMT
1 < server: Google Frontend
1 < Content-Length: 50
{"errors":{"username":["has already been taken"]}}

01:10:15.844 [pool-2-thread-3] DEBUG com.intuit.karate - response time in milliseconds: 415
1 < 422
1 < x-powered-by: Express
1 < vary: Origin
1 < content-type: application/json; charset=utf-8
1 < etag: W/"2f-BJEnYqgmLwV4NGkXB9OccFtans4"
1 < x-cloud-trace-context: 485fd08be8d7fedffece9d26d776e106
1 < date: Sun, 16 Nov 2025 04:10:16 GMT
1 < server: Google Frontend
1 < Content-Length: 47
{"errors":{"email":["has already been taken"]}}

01:10:15.955 [pool-2-thread-4] DEBUG com.intuit.karate - response time in milliseconds: 509
1 < 422
1 < x-powered-by: Express
1 < vary: Origin
1 < content-type: application/json; charset=utf-8
1 < etag: W/"2a-qbpXJMY/Kgu11LsJcjS0p5wC5b0"
1 < x-cloud-trace-context: 940768884b1a258efd26d3d029b39082
1 < date: Sun, 16 Nov 2025 04:10:16 GMT
1 < server: Google Frontend
1 < Content-Length: 42
{"errors":{"password":["can't be blank"]}}

01:10:15.976 [pool-2-thread-1] DEBUG com.intuit.karate - response time in milliseconds: 544
1 < 201
1 < x-powered-by: Express
1 < vary: Origin
1 < content-type: application/json; charset=utf-8
1 < etag: W/"148-Av+AEB1xiRK2c+VDzh6zeVV7I/g"
1 < x-cloud-trace-context: 7bdc5a09fba41f48210765e0408e63ec
1 < date: Sun, 16 Nov 2025 04:10:16 GMT
1 < server: Google Frontend
1 < Content-Length: 328
{"user":{"id":40474,"email":"santos29@test.com","username":"marcelene.ferry","bio":null,"image":"https://conduit-api.bondaracademy.com/images/smiley-cyrus.jpeg","token":"eyJhbGciOiJIUzI1NiIsInR5cCI6IkpXVCJ9.eyJ1c2VyIjp7ImlkIjo0MDQ3NH0sImlhdCI6MTc2MzI2NjIxNiwiZXhwIjoxNzY4NDUwMjE2fQ.tUN9RThlUhSevyTpbAibmbLgWOwNBm4oZNUOiFQyf4I"}}

---------------------------------------------------------
feature: classpath:conduitApp/feature/SignUp.feature
scenarios:  4 | passed:  4 | failed:  0 | time: 3,2009
---------------------------------------------------------

01:10:16.820 [pool-3-thread-1] INFO  com.intuit.karate.Suite - <<pass>> feature 3 of 3 (0 remaining) classpath:conduitApp/feature/SignUp.feature
Karate version: 1.5.0
======================================================
elapsed:   5,69 | threads:    5 | thread time: 3,20 
features:     1 | skipped:    2 | efficiency: 0,11
scenarios:    4 | passed:     4 | failed: 0
======================================================

HTML report: (paste into browser to view) | Karate version: 1.5.0
file:///C:/Estudo%20Karate/KarateUdemy/target/karate-reports/karate-summary.html
===================================================================

]]></system-out>
  </testcase>
</testsuite>